2023-07-10 11:33:47,525 INFO org.springframework.boot.StartupInfoLogger [main] Starting TryToTestContainersMongoDb using Java 20.0.1 on yokina-machine with PID 12183 (started by yokina in /home/yokina/yokina-gitlab/ThymeleafSprinBootCrud)
2023-07-10 11:33:47,527 DEBUG org.springframework.boot.StartupInfoLogger [main] Running with Spring Boot v2.4.0, Spring v5.3.1
2023-07-10 11:33:47,527 INFO org.springframework.boot.SpringApplication [main] The following profiles are active: dev
2023-07-10 11:33:47,848 INFO org.springframework.data.repository.config.RepositoryConfigurationDelegate [main] Bootstrapping Spring Data MongoDB repositories in DEFAULT mode.
2023-07-10 11:33:47,900 INFO org.springframework.data.repository.config.RepositoryConfigurationDelegate [main] Finished Spring Data repository scanning in 47 ms. Found 1 MongoDB repository interfaces.
2023-07-10 11:33:48,163 INFO com.mongodb.diagnostics.logging.SLF4JLogger [main] Cluster created with settings {hosts=[localhost:32769], mode=SINGLE, requiredClusterType=UNKNOWN, serverSelectionTimeout='30000 ms'}
2023-07-10 11:33:48,248 INFO com.mongodb.diagnostics.logging.SLF4JLogger [cluster-ClusterId{value='64abc26c9404e670f2c08bd2', description='null'}-localhost:32769] Opened connection [connectionId{localValue:1, serverValue:3}] to localhost:32769
2023-07-10 11:33:48,248 INFO com.mongodb.diagnostics.logging.SLF4JLogger [cluster-rtt-ClusterId{value='64abc26c9404e670f2c08bd2', description='null'}-localhost:32769] Opened connection [connectionId{localValue:2, serverValue:4}] to localhost:32769
2023-07-10 11:33:48,248 INFO com.mongodb.diagnostics.logging.SLF4JLogger [cluster-ClusterId{value='64abc26c9404e670f2c08bd2', description='null'}-localhost:32769] Monitor thread successfully connected to server with description ServerDescription{address=localhost:32769, type=REPLICA_SET_PRIMARY, state=CONNECTED, ok=true, minWireVersion=0, maxWireVersion=9, maxDocumentSize=16777216, logicalSessionTimeoutMinutes=30, roundTripTimeNanos=29787354, setName='docker-rs', canonicalAddress=1f746e54cd13:27017, hosts=[1f746e54cd13:27017], passives=[], arbiters=[], primary='1f746e54cd13:27017', tagSet=TagSet{[]}, electionId=7fffffff0000000000000001, setVersion=1, topologyVersion=TopologyVersion{processId=64abc269c32ac3c0374fbc74, counter=6}, lastWriteDate=Mon Jul 10 11:33:46 MSK 2023, lastUpdateTimeNanos=3989079811114}
2023-07-10 11:33:48,559 INFO org.springframework.boot.StartupInfoLogger [main] Started TryToTestContainersMongoDb in 1.541 seconds (JVM running for 6.032)
2023-07-10 11:33:48,907 INFO com.mongodb.diagnostics.logging.SLF4JLogger [main] Opened connection [connectionId{localValue:3, serverValue:5}] to localhost:32769
2023-07-10 11:33:49,065 INFO com.mongodb.diagnostics.logging.SLF4JLogger [cluster-ClusterId{value='64abc26c9404e670f2c08bd2', description='null'}-localhost:32769] Exception in monitor thread while connecting to server localhost:32769
com.mongodb.MongoSocketReadException: Prematurely reached end of stream
	at com.mongodb.internal.connection.SocketStream.read(SocketStream.java:112)
	at com.mongodb.internal.connection.SocketStream.read(SocketStream.java:131)
	at com.mongodb.internal.connection.InternalStreamConnection.receiveResponseBuffers(InternalStreamConnection.java:648)
	at com.mongodb.internal.connection.InternalStreamConnection.receiveMessageWithAdditionalTimeout(InternalStreamConnection.java:513)
	at com.mongodb.internal.connection.InternalStreamConnection.receiveCommandMessageResponse(InternalStreamConnection.java:356)
	at com.mongodb.internal.connection.InternalStreamConnection.receive(InternalStreamConnection.java:316)
	at com.mongodb.internal.connection.DefaultServerMonitor$ServerMonitorRunnable.lookupServerDescription(DefaultServerMonitor.java:215)
	at com.mongodb.internal.connection.DefaultServerMonitor$ServerMonitorRunnable.run(DefaultServerMonitor.java:144)
	at java.base/java.lang.Thread.run(Thread.java:1623)
2023-07-10 11:33:49,452 INFO com.mongodb.diagnostics.logging.SLF4JLogger [SpringContextShutdownHook] Closed connection [connectionId{localValue:3, serverValue:5}] to localhost:32769 because there was a socket exception raised on another connection from this pool.
2023-07-10 11:38:05,553 INFO org.springframework.boot.StartupInfoLogger [main] Starting TryToTestContainersMongoDb using Java 20.0.1 on yokina-machine with PID 12961 (started by yokina in /home/yokina/yokina-gitlab/ThymeleafSprinBootCrud)
2023-07-10 11:38:05,555 DEBUG org.springframework.boot.StartupInfoLogger [main] Running with Spring Boot v2.4.0, Spring v5.3.1
2023-07-10 11:38:05,555 INFO org.springframework.boot.SpringApplication [main] The following profiles are active: dev
2023-07-10 11:38:05,877 INFO org.springframework.data.repository.config.RepositoryConfigurationDelegate [main] Bootstrapping Spring Data MongoDB repositories in DEFAULT mode.
2023-07-10 11:38:05,924 INFO org.springframework.data.repository.config.RepositoryConfigurationDelegate [main] Finished Spring Data repository scanning in 43 ms. Found 1 MongoDB repository interfaces.
2023-07-10 11:38:06,194 INFO com.mongodb.diagnostics.logging.SLF4JLogger [main] Cluster created with settings {hosts=[localhost:32771], mode=SINGLE, requiredClusterType=UNKNOWN, serverSelectionTimeout='30000 ms'}
2023-07-10 11:38:06,278 INFO com.mongodb.diagnostics.logging.SLF4JLogger [cluster-ClusterId{value='64abc36ef427bf2a1736a33d', description='null'}-localhost:32771] Opened connection [connectionId{localValue:2, serverValue:4}] to localhost:32771
2023-07-10 11:38:06,278 INFO com.mongodb.diagnostics.logging.SLF4JLogger [cluster-rtt-ClusterId{value='64abc36ef427bf2a1736a33d', description='null'}-localhost:32771] Opened connection [connectionId{localValue:1, serverValue:3}] to localhost:32771
2023-07-10 11:38:06,278 INFO com.mongodb.diagnostics.logging.SLF4JLogger [cluster-ClusterId{value='64abc36ef427bf2a1736a33d', description='null'}-localhost:32771] Monitor thread successfully connected to server with description ServerDescription{address=localhost:32771, type=REPLICA_SET_PRIMARY, state=CONNECTED, ok=true, minWireVersion=0, maxWireVersion=9, maxDocumentSize=16777216, logicalSessionTimeoutMinutes=30, roundTripTimeNanos=27284913, setName='docker-rs', canonicalAddress=57fa41a67f5b:27017, hosts=[57fa41a67f5b:27017], passives=[], arbiters=[], primary='57fa41a67f5b:27017', tagSet=TagSet{[]}, electionId=7fffffff0000000000000001, setVersion=1, topologyVersion=TopologyVersion{processId=64abc36b004d24b1e168ab7b, counter=6}, lastWriteDate=Mon Jul 10 11:38:04 MSK 2023, lastUpdateTimeNanos=4247109581594}
2023-07-10 11:38:06,591 INFO org.springframework.boot.StartupInfoLogger [main] Started TryToTestContainersMongoDb in 1.478 seconds (JVM running for 5.427)
2023-07-10 11:38:06,915 INFO com.mongodb.diagnostics.logging.SLF4JLogger [main] Opened connection [connectionId{localValue:3, serverValue:5}] to localhost:32771
2023-07-10 11:38:07,076 INFO com.mongodb.diagnostics.logging.SLF4JLogger [cluster-ClusterId{value='64abc36ef427bf2a1736a33d', description='null'}-localhost:32771] Exception in monitor thread while connecting to server localhost:32771
com.mongodb.MongoSocketReadException: Prematurely reached end of stream
	at com.mongodb.internal.connection.SocketStream.read(SocketStream.java:112)
	at com.mongodb.internal.connection.SocketStream.read(SocketStream.java:131)
	at com.mongodb.internal.connection.InternalStreamConnection.receiveResponseBuffers(InternalStreamConnection.java:648)
	at com.mongodb.internal.connection.InternalStreamConnection.receiveMessageWithAdditionalTimeout(InternalStreamConnection.java:513)
	at com.mongodb.internal.connection.InternalStreamConnection.receiveCommandMessageResponse(InternalStreamConnection.java:356)
	at com.mongodb.internal.connection.InternalStreamConnection.receive(InternalStreamConnection.java:316)
	at com.mongodb.internal.connection.DefaultServerMonitor$ServerMonitorRunnable.lookupServerDescription(DefaultServerMonitor.java:215)
	at com.mongodb.internal.connection.DefaultServerMonitor$ServerMonitorRunnable.run(DefaultServerMonitor.java:144)
	at java.base/java.lang.Thread.run(Thread.java:1623)
2023-07-10 11:38:07,488 INFO com.mongodb.diagnostics.logging.SLF4JLogger [SpringContextShutdownHook] Closed connection [connectionId{localValue:3, serverValue:5}] to localhost:32771 because there was a socket exception raised on another connection from this pool.
2023-07-10 11:45:05,907 INFO org.springframework.boot.StartupInfoLogger [main] Starting TryToTestContainersMongoDb using Java 20.0.1 on yokina-machine with PID 13975 (started by yokina in /home/yokina/yokina-gitlab/ThymeleafSprinBootCrud)
2023-07-10 11:45:05,908 DEBUG org.springframework.boot.StartupInfoLogger [main] Running with Spring Boot v2.4.0, Spring v5.3.1
2023-07-10 11:45:05,908 INFO org.springframework.boot.SpringApplication [main] The following profiles are active: dev
2023-07-10 11:45:06,250 INFO org.springframework.data.repository.config.RepositoryConfigurationDelegate [main] Bootstrapping Spring Data MongoDB repositories in DEFAULT mode.
2023-07-10 11:45:06,290 INFO org.springframework.data.repository.config.RepositoryConfigurationDelegate [main] Finished Spring Data repository scanning in 35 ms. Found 1 MongoDB repository interfaces.
2023-07-10 11:45:06,532 INFO com.mongodb.diagnostics.logging.SLF4JLogger [main] Cluster created with settings {hosts=[localhost:32773], mode=SINGLE, requiredClusterType=UNKNOWN, serverSelectionTimeout='30000 ms'}
2023-07-10 11:45:06,608 INFO com.mongodb.diagnostics.logging.SLF4JLogger [cluster-ClusterId{value='64abc5127ff54d521bd1b0b1', description='null'}-localhost:32773] Opened connection [connectionId{localValue:2, serverValue:3}] to localhost:32773
2023-07-10 11:45:06,608 INFO com.mongodb.diagnostics.logging.SLF4JLogger [cluster-rtt-ClusterId{value='64abc5127ff54d521bd1b0b1', description='null'}-localhost:32773] Opened connection [connectionId{localValue:1, serverValue:4}] to localhost:32773
2023-07-10 11:45:06,609 INFO com.mongodb.diagnostics.logging.SLF4JLogger [cluster-ClusterId{value='64abc5127ff54d521bd1b0b1', description='null'}-localhost:32773] Monitor thread successfully connected to server with description ServerDescription{address=localhost:32773, type=REPLICA_SET_PRIMARY, state=CONNECTED, ok=true, minWireVersion=0, maxWireVersion=9, maxDocumentSize=16777216, logicalSessionTimeoutMinutes=30, roundTripTimeNanos=26257062, setName='docker-rs', canonicalAddress=e8cc893209b7:27017, hosts=[e8cc893209b7:27017], passives=[], arbiters=[], primary='e8cc893209b7:27017', tagSet=TagSet{[]}, electionId=7fffffff0000000000000001, setVersion=1, topologyVersion=TopologyVersion{processId=64abc510f2223e3fccf0dd26, counter=6}, lastWriteDate=Mon Jul 10 11:45:04 MSK 2023, lastUpdateTimeNanos=4667440532910}
2023-07-10 11:45:06,927 INFO org.springframework.boot.StartupInfoLogger [main] Started TryToTestContainersMongoDb in 1.482 seconds (JVM running for 5.464)
2023-07-10 11:45:07,249 INFO com.mongodb.diagnostics.logging.SLF4JLogger [main] Opened connection [connectionId{localValue:3, serverValue:5}] to localhost:32773
2023-07-10 11:45:07,422 INFO com.mongodb.diagnostics.logging.SLF4JLogger [cluster-ClusterId{value='64abc5127ff54d521bd1b0b1', description='null'}-localhost:32773] Exception in monitor thread while connecting to server localhost:32773
com.mongodb.MongoSocketReadException: Prematurely reached end of stream
	at com.mongodb.internal.connection.SocketStream.read(SocketStream.java:112)
	at com.mongodb.internal.connection.SocketStream.read(SocketStream.java:131)
	at com.mongodb.internal.connection.InternalStreamConnection.receiveResponseBuffers(InternalStreamConnection.java:648)
	at com.mongodb.internal.connection.InternalStreamConnection.receiveMessageWithAdditionalTimeout(InternalStreamConnection.java:513)
	at com.mongodb.internal.connection.InternalStreamConnection.receiveCommandMessageResponse(InternalStreamConnection.java:356)
	at com.mongodb.internal.connection.InternalStreamConnection.receive(InternalStreamConnection.java:316)
	at com.mongodb.internal.connection.DefaultServerMonitor$ServerMonitorRunnable.lookupServerDescription(DefaultServerMonitor.java:215)
	at com.mongodb.internal.connection.DefaultServerMonitor$ServerMonitorRunnable.run(DefaultServerMonitor.java:144)
	at java.base/java.lang.Thread.run(Thread.java:1623)
2023-07-10 11:45:07,839 INFO com.mongodb.diagnostics.logging.SLF4JLogger [SpringContextShutdownHook] Closed connection [connectionId{localValue:3, serverValue:5}] to localhost:32773 because there was a socket exception raised on another connection from this pool.
2023-07-10 11:51:09,314 INFO org.springframework.boot.StartupInfoLogger [main] Starting TryToTestContainersMongoDb using Java 20.0.1 on yokina-machine with PID 15877 (started by yokina in /home/yokina/yokina-gitlab/ThymeleafSprinBootCrud)
2023-07-10 11:51:09,316 DEBUG org.springframework.boot.StartupInfoLogger [main] Running with Spring Boot v2.4.0, Spring v5.3.1
2023-07-10 11:51:09,316 INFO org.springframework.boot.SpringApplication [main] The following profiles are active: dev
2023-07-10 11:51:09,600 INFO org.springframework.data.repository.config.RepositoryConfigurationDelegate [main] Bootstrapping Spring Data MongoDB repositories in DEFAULT mode.
2023-07-10 11:51:09,645 INFO org.springframework.data.repository.config.RepositoryConfigurationDelegate [main] Finished Spring Data repository scanning in 40 ms. Found 1 MongoDB repository interfaces.
2023-07-10 11:51:09,895 INFO com.mongodb.diagnostics.logging.SLF4JLogger [main] Cluster created with settings {hosts=[localhost:32775], mode=SINGLE, requiredClusterType=UNKNOWN, serverSelectionTimeout='30000 ms'}
2023-07-10 11:51:09,992 INFO com.mongodb.diagnostics.logging.SLF4JLogger [cluster-ClusterId{value='64abc67d06c957188c10e145', description='null'}-localhost:32775] Opened connection [connectionId{localValue:2, serverValue:3}] to localhost:32775
2023-07-10 11:51:09,992 INFO com.mongodb.diagnostics.logging.SLF4JLogger [cluster-rtt-ClusterId{value='64abc67d06c957188c10e145', description='null'}-localhost:32775] Opened connection [connectionId{localValue:1, serverValue:4}] to localhost:32775
2023-07-10 11:51:09,992 INFO com.mongodb.diagnostics.logging.SLF4JLogger [cluster-ClusterId{value='64abc67d06c957188c10e145', description='null'}-localhost:32775] Monitor thread successfully connected to server with description ServerDescription{address=localhost:32775, type=REPLICA_SET_PRIMARY, state=CONNECTED, ok=true, minWireVersion=0, maxWireVersion=9, maxDocumentSize=16777216, logicalSessionTimeoutMinutes=30, roundTripTimeNanos=41934271, setName='docker-rs', canonicalAddress=d0644fa1026a:27017, hosts=[d0644fa1026a:27017], passives=[], arbiters=[], primary='d0644fa1026a:27017', tagSet=TagSet{[]}, electionId=7fffffff0000000000000001, setVersion=1, topologyVersion=TopologyVersion{processId=64abc67bd3e5f3a52b4dc079, counter=6}, lastWriteDate=Mon Jul 10 11:51:08 MSK 2023, lastUpdateTimeNanos=5030823459799}
2023-07-10 11:51:10,258 INFO org.springframework.boot.StartupInfoLogger [main] Started TryToTestContainersMongoDb in 1.404 seconds (JVM running for 5.411)
2023-07-10 11:51:10,592 INFO com.mongodb.diagnostics.logging.SLF4JLogger [main] Opened connection [connectionId{localValue:3, serverValue:5}] to localhost:32775
2023-07-10 11:51:10,765 INFO com.mongodb.diagnostics.logging.SLF4JLogger [cluster-ClusterId{value='64abc67d06c957188c10e145', description='null'}-localhost:32775] Exception in monitor thread while connecting to server localhost:32775
com.mongodb.MongoSocketReadException: Prematurely reached end of stream
	at com.mongodb.internal.connection.SocketStream.read(SocketStream.java:112)
	at com.mongodb.internal.connection.SocketStream.read(SocketStream.java:131)
	at com.mongodb.internal.connection.InternalStreamConnection.receiveResponseBuffers(InternalStreamConnection.java:648)
	at com.mongodb.internal.connection.InternalStreamConnection.receiveMessageWithAdditionalTimeout(InternalStreamConnection.java:513)
	at com.mongodb.internal.connection.InternalStreamConnection.receiveCommandMessageResponse(InternalStreamConnection.java:356)
	at com.mongodb.internal.connection.InternalStreamConnection.receive(InternalStreamConnection.java:316)
	at com.mongodb.internal.connection.DefaultServerMonitor$ServerMonitorRunnable.lookupServerDescription(DefaultServerMonitor.java:215)
	at com.mongodb.internal.connection.DefaultServerMonitor$ServerMonitorRunnable.run(DefaultServerMonitor.java:144)
	at java.base/java.lang.Thread.run(Thread.java:1623)
2023-07-10 11:51:11,148 INFO com.mongodb.diagnostics.logging.SLF4JLogger [SpringContextShutdownHook] Closed connection [connectionId{localValue:3, serverValue:5}] to localhost:32775 because there was a socket exception raised on another connection from this pool.
2023-07-10 12:06:35,343 INFO org.springframework.boot.StartupInfoLogger [main] Starting TryToTestContainersMongoDb using Java 20.0.1 on yokina-machine with PID 17924 (started by yokina in /home/yokina/yokina-gitlab/ThymeleafSprinBootCrud)
2023-07-10 12:06:35,345 DEBUG org.springframework.boot.StartupInfoLogger [main] Running with Spring Boot v2.4.0, Spring v5.3.1
2023-07-10 12:06:35,345 INFO org.springframework.boot.SpringApplication [main] The following profiles are active: dev
2023-07-10 12:06:35,668 INFO org.springframework.data.repository.config.RepositoryConfigurationDelegate [main] Bootstrapping Spring Data MongoDB repositories in DEFAULT mode.
2023-07-10 12:06:35,710 INFO org.springframework.data.repository.config.RepositoryConfigurationDelegate [main] Finished Spring Data repository scanning in 37 ms. Found 1 MongoDB repository interfaces.
2023-07-10 12:06:35,981 INFO com.mongodb.diagnostics.logging.SLF4JLogger [main] Cluster created with settings {hosts=[localhost:32777], mode=SINGLE, requiredClusterType=UNKNOWN, serverSelectionTimeout='30000 ms'}
2023-07-10 12:06:36,066 INFO com.mongodb.diagnostics.logging.SLF4JLogger [cluster-ClusterId{value='64abca1b3d56a5708769127d', description='null'}-localhost:32777] Opened connection [connectionId{localValue:1, serverValue:4}] to localhost:32777
2023-07-10 12:06:36,066 INFO com.mongodb.diagnostics.logging.SLF4JLogger [cluster-rtt-ClusterId{value='64abca1b3d56a5708769127d', description='null'}-localhost:32777] Opened connection [connectionId{localValue:2, serverValue:3}] to localhost:32777
2023-07-10 12:06:36,066 INFO com.mongodb.diagnostics.logging.SLF4JLogger [cluster-ClusterId{value='64abca1b3d56a5708769127d', description='null'}-localhost:32777] Monitor thread successfully connected to server with description ServerDescription{address=localhost:32777, type=REPLICA_SET_PRIMARY, state=CONNECTED, ok=true, minWireVersion=0, maxWireVersion=9, maxDocumentSize=16777216, logicalSessionTimeoutMinutes=30, roundTripTimeNanos=39820643, setName='docker-rs', canonicalAddress=fa59ab8ea000:27017, hosts=[fa59ab8ea000:27017], passives=[], arbiters=[], primary='fa59ab8ea000:27017', tagSet=TagSet{[]}, electionId=7fffffff0000000000000001, setVersion=1, topologyVersion=TopologyVersion{processId=64abca19cffc575f6c44b307, counter=6}, lastWriteDate=Mon Jul 10 12:06:34 MSK 2023, lastUpdateTimeNanos=5956897857749}
2023-07-10 12:06:36,334 INFO org.springframework.boot.StartupInfoLogger [main] Started TryToTestContainersMongoDb in 1.436 seconds (JVM running for 5.428)
2023-07-10 12:06:36,674 INFO com.mongodb.diagnostics.logging.SLF4JLogger [main] Opened connection [connectionId{localValue:3, serverValue:5}] to localhost:32777
2023-07-10 12:06:36,843 INFO com.mongodb.diagnostics.logging.SLF4JLogger [cluster-ClusterId{value='64abca1b3d56a5708769127d', description='null'}-localhost:32777] Exception in monitor thread while connecting to server localhost:32777
com.mongodb.MongoSocketReadException: Prematurely reached end of stream
	at com.mongodb.internal.connection.SocketStream.read(SocketStream.java:112)
	at com.mongodb.internal.connection.SocketStream.read(SocketStream.java:131)
	at com.mongodb.internal.connection.InternalStreamConnection.receiveResponseBuffers(InternalStreamConnection.java:648)
	at com.mongodb.internal.connection.InternalStreamConnection.receiveMessageWithAdditionalTimeout(InternalStreamConnection.java:513)
	at com.mongodb.internal.connection.InternalStreamConnection.receiveCommandMessageResponse(InternalStreamConnection.java:356)
	at com.mongodb.internal.connection.InternalStreamConnection.receive(InternalStreamConnection.java:316)
	at com.mongodb.internal.connection.DefaultServerMonitor$ServerMonitorRunnable.lookupServerDescription(DefaultServerMonitor.java:215)
	at com.mongodb.internal.connection.DefaultServerMonitor$ServerMonitorRunnable.run(DefaultServerMonitor.java:144)
	at java.base/java.lang.Thread.run(Thread.java:1623)
2023-07-10 12:06:37,202 INFO com.mongodb.diagnostics.logging.SLF4JLogger [SpringContextShutdownHook] Closed connection [connectionId{localValue:3, serverValue:5}] to localhost:32777 because there was a socket exception raised on another connection from this pool.
2023-07-10 12:26:50,051 INFO org.springframework.boot.StartupInfoLogger [main] Starting TryToTestContainersMongoDb using Java 20.0.1 on yokina-machine with PID 19538 (started by yokina in /home/yokina/yokina-gitlab/ThymeleafSprinBootCrud)
2023-07-10 12:26:50,052 DEBUG org.springframework.boot.StartupInfoLogger [main] Running with Spring Boot v2.4.0, Spring v5.3.1
2023-07-10 12:26:50,053 INFO org.springframework.boot.SpringApplication [main] The following profiles are active: dev
2023-07-10 12:26:50,345 INFO org.springframework.data.repository.config.RepositoryConfigurationDelegate [main] Bootstrapping Spring Data MongoDB repositories in DEFAULT mode.
2023-07-10 12:26:50,389 INFO org.springframework.data.repository.config.RepositoryConfigurationDelegate [main] Finished Spring Data repository scanning in 39 ms. Found 1 MongoDB repository interfaces.
2023-07-10 12:26:50,642 INFO com.mongodb.diagnostics.logging.SLF4JLogger [main] Cluster created with settings {hosts=[localhost:32779], mode=SINGLE, requiredClusterType=UNKNOWN, serverSelectionTimeout='30000 ms'}
2023-07-10 12:26:50,721 INFO com.mongodb.diagnostics.logging.SLF4JLogger [cluster-ClusterId{value='64abceda6586b04a35fb0e42', description='null'}-localhost:32779] Opened connection [connectionId{localValue:2, serverValue:3}] to localhost:32779
2023-07-10 12:26:50,721 INFO com.mongodb.diagnostics.logging.SLF4JLogger [cluster-rtt-ClusterId{value='64abceda6586b04a35fb0e42', description='null'}-localhost:32779] Opened connection [connectionId{localValue:1, serverValue:4}] to localhost:32779
2023-07-10 12:26:50,721 INFO com.mongodb.diagnostics.logging.SLF4JLogger [cluster-ClusterId{value='64abceda6586b04a35fb0e42', description='null'}-localhost:32779] Monitor thread successfully connected to server with description ServerDescription{address=localhost:32779, type=REPLICA_SET_PRIMARY, state=CONNECTED, ok=true, minWireVersion=0, maxWireVersion=9, maxDocumentSize=16777216, logicalSessionTimeoutMinutes=30, roundTripTimeNanos=33630969, setName='docker-rs', canonicalAddress=bfa519837e23:27017, hosts=[bfa519837e23:27017], passives=[], arbiters=[], primary='bfa519837e23:27017', tagSet=TagSet{[]}, electionId=7fffffff0000000000000001, setVersion=1, topologyVersion=TopologyVersion{processId=64abced81845aa2fd7dad89b, counter=6}, lastWriteDate=Mon Jul 10 12:26:49 MSK 2023, lastUpdateTimeNanos=7171553176703}
2023-07-10 12:26:51,014 INFO org.springframework.boot.StartupInfoLogger [main] Started TryToTestContainersMongoDb in 1.416 seconds (JVM running for 5.415)
2023-07-10 12:26:51,305 INFO com.mongodb.diagnostics.logging.SLF4JLogger [main] Opened connection [connectionId{localValue:3, serverValue:5}] to localhost:32779
2023-07-10 12:26:51,473 INFO com.mongodb.diagnostics.logging.SLF4JLogger [cluster-ClusterId{value='64abceda6586b04a35fb0e42', description='null'}-localhost:32779] Exception in monitor thread while connecting to server localhost:32779
com.mongodb.MongoSocketReadException: Prematurely reached end of stream
	at com.mongodb.internal.connection.SocketStream.read(SocketStream.java:112)
	at com.mongodb.internal.connection.SocketStream.read(SocketStream.java:131)
	at com.mongodb.internal.connection.InternalStreamConnection.receiveResponseBuffers(InternalStreamConnection.java:648)
	at com.mongodb.internal.connection.InternalStreamConnection.receiveMessageWithAdditionalTimeout(InternalStreamConnection.java:513)
	at com.mongodb.internal.connection.InternalStreamConnection.receiveCommandMessageResponse(InternalStreamConnection.java:356)
	at com.mongodb.internal.connection.InternalStreamConnection.receive(InternalStreamConnection.java:316)
	at com.mongodb.internal.connection.DefaultServerMonitor$ServerMonitorRunnable.lookupServerDescription(DefaultServerMonitor.java:215)
	at com.mongodb.internal.connection.DefaultServerMonitor$ServerMonitorRunnable.run(DefaultServerMonitor.java:144)
	at java.base/java.lang.Thread.run(Thread.java:1623)
2023-07-10 12:26:51,912 INFO com.mongodb.diagnostics.logging.SLF4JLogger [SpringContextShutdownHook] Closed connection [connectionId{localValue:3, serverValue:5}] to localhost:32779 because there was a socket exception raised on another connection from this pool.
2023-07-10 12:35:52,169 INFO org.springframework.boot.StartupInfoLogger [main] Starting TryToTestContainersMongoDb using Java 20.0.1 on yokina-machine with PID 20676 (started by yokina in /home/yokina/yokina-gitlab/ThymeleafSprinBootCrud)
2023-07-10 12:35:52,170 DEBUG org.springframework.boot.StartupInfoLogger [main] Running with Spring Boot v2.4.0, Spring v5.3.1
2023-07-10 12:35:52,170 INFO org.springframework.boot.SpringApplication [main] The following profiles are active: dev
2023-07-10 12:35:52,472 INFO org.springframework.data.repository.config.RepositoryConfigurationDelegate [main] Bootstrapping Spring Data MongoDB repositories in DEFAULT mode.
2023-07-10 12:35:52,521 INFO org.springframework.data.repository.config.RepositoryConfigurationDelegate [main] Finished Spring Data repository scanning in 43 ms. Found 1 MongoDB repository interfaces.
2023-07-10 12:35:52,781 INFO com.mongodb.diagnostics.logging.SLF4JLogger [main] Cluster created with settings {hosts=[localhost:32781], mode=SINGLE, requiredClusterType=UNKNOWN, serverSelectionTimeout='30000 ms'}
2023-07-10 12:35:52,852 INFO com.mongodb.diagnostics.logging.SLF4JLogger [cluster-rtt-ClusterId{value='64abd0f8b8a4c6625b448582', description='null'}-localhost:32781] Opened connection [connectionId{localValue:1, serverValue:4}] to localhost:32781
2023-07-10 12:35:52,852 INFO com.mongodb.diagnostics.logging.SLF4JLogger [cluster-ClusterId{value='64abd0f8b8a4c6625b448582', description='null'}-localhost:32781] Opened connection [connectionId{localValue:2, serverValue:3}] to localhost:32781
2023-07-10 12:35:52,852 INFO com.mongodb.diagnostics.logging.SLF4JLogger [cluster-ClusterId{value='64abd0f8b8a4c6625b448582', description='null'}-localhost:32781] Monitor thread successfully connected to server with description ServerDescription{address=localhost:32781, type=REPLICA_SET_PRIMARY, state=CONNECTED, ok=true, minWireVersion=0, maxWireVersion=9, maxDocumentSize=16777216, logicalSessionTimeoutMinutes=30, roundTripTimeNanos=22304597, setName='docker-rs', canonicalAddress=64f3d107e933:27017, hosts=[64f3d107e933:27017], passives=[], arbiters=[], primary='64f3d107e933:27017', tagSet=TagSet{[]}, electionId=7fffffff0000000000000001, setVersion=1, topologyVersion=TopologyVersion{processId=64abd0f6244e1b05b4f8a80e, counter=6}, lastWriteDate=Mon Jul 10 12:35:51 MSK 2023, lastUpdateTimeNanos=7713682961058}
2023-07-10 12:35:53,145 INFO org.springframework.boot.StartupInfoLogger [main] Started TryToTestContainersMongoDb in 1.423 seconds (JVM running for 5.403)
2023-07-10 12:35:53,454 INFO com.mongodb.diagnostics.logging.SLF4JLogger [main] Opened connection [connectionId{localValue:3, serverValue:5}] to localhost:32781
2023-07-10 12:35:53,610 INFO com.mongodb.diagnostics.logging.SLF4JLogger [cluster-ClusterId{value='64abd0f8b8a4c6625b448582', description='null'}-localhost:32781] Exception in monitor thread while connecting to server localhost:32781
com.mongodb.MongoSocketReadException: Prematurely reached end of stream
	at com.mongodb.internal.connection.SocketStream.read(SocketStream.java:112)
	at com.mongodb.internal.connection.SocketStream.read(SocketStream.java:131)
	at com.mongodb.internal.connection.InternalStreamConnection.receiveResponseBuffers(InternalStreamConnection.java:648)
	at com.mongodb.internal.connection.InternalStreamConnection.receiveMessageWithAdditionalTimeout(InternalStreamConnection.java:513)
	at com.mongodb.internal.connection.InternalStreamConnection.receiveCommandMessageResponse(InternalStreamConnection.java:356)
	at com.mongodb.internal.connection.InternalStreamConnection.receive(InternalStreamConnection.java:316)
	at com.mongodb.internal.connection.DefaultServerMonitor$ServerMonitorRunnable.lookupServerDescription(DefaultServerMonitor.java:215)
	at com.mongodb.internal.connection.DefaultServerMonitor$ServerMonitorRunnable.run(DefaultServerMonitor.java:144)
	at java.base/java.lang.Thread.run(Thread.java:1623)
2023-07-10 12:35:54,040 INFO com.mongodb.diagnostics.logging.SLF4JLogger [SpringContextShutdownHook] Closed connection [connectionId{localValue:3, serverValue:5}] to localhost:32781 because there was a socket exception raised on another connection from this pool.
2023-07-10 14:59:50,259 INFO org.springframework.boot.StartupInfoLogger [main] Starting ThymeleafSpringBootCrudApplication v0.0.1-SNAPSHOT using Java 20.0.1 on yokina-machine with PID 34723 (/home/yokina/yokina-gitlab/ThymeleafSprinBootCrud/target/ThymeleafSpringBootCrud-0.0.1-SNAPSHOT.jar started by yokina in /home/yokina/yokina-gitlab/ThymeleafSprinBootCrud)
2023-07-10 14:59:50,262 DEBUG org.springframework.boot.StartupInfoLogger [main] Running with Spring Boot v2.4.0, Spring v5.3.1
2023-07-10 14:59:50,262 INFO org.springframework.boot.SpringApplication [main] The following profiles are active: dev
2023-07-10 14:59:50,857 INFO org.springframework.data.repository.config.RepositoryConfigurationDelegate [main] Bootstrapping Spring Data MongoDB repositories in DEFAULT mode.
2023-07-10 14:59:50,904 INFO org.springframework.data.repository.config.RepositoryConfigurationDelegate [main] Finished Spring Data repository scanning in 43 ms. Found 1 MongoDB repository interfaces.
2023-07-10 14:59:51,334 INFO org.springframework.boot.web.embedded.tomcat.TomcatWebServer [main] Tomcat initialized with port(s): 8666 (http)
2023-07-10 14:59:51,343 INFO org.apache.juli.logging.DirectJDKLog [main] Initializing ProtocolHandler ["http-nio-8666"]
2023-07-10 14:59:51,343 INFO org.apache.juli.logging.DirectJDKLog [main] Starting service [Tomcat]
2023-07-10 14:59:51,344 INFO org.apache.juli.logging.DirectJDKLog [main] Starting Servlet engine: [Apache Tomcat/9.0.39]
2023-07-10 14:59:51,380 INFO org.apache.juli.logging.DirectJDKLog [main] Initializing Spring embedded WebApplicationContext
2023-07-10 14:59:51,380 INFO org.springframework.boot.web.servlet.context.ServletWebServerApplicationContext [main] Root WebApplicationContext: initialization completed in 1055 ms
2023-07-10 14:59:51,517 INFO com.mongodb.diagnostics.logging.SLF4JLogger [main] Cluster created with settings {hosts=[localhost:27017], mode=SINGLE, requiredClusterType=UNKNOWN, serverSelectionTimeout='30000 ms'}
2023-07-10 14:59:51,589 INFO com.mongodb.diagnostics.logging.SLF4JLogger [cluster-ClusterId{value='64abf2b7f064ee32574401a5', description='null'}-localhost:27017] Opened connection [connectionId{localValue:2, serverValue:4}] to localhost:27017
2023-07-10 14:59:51,589 INFO com.mongodb.diagnostics.logging.SLF4JLogger [cluster-rtt-ClusterId{value='64abf2b7f064ee32574401a5', description='null'}-localhost:27017] Opened connection [connectionId{localValue:1, serverValue:3}] to localhost:27017
2023-07-10 14:59:51,590 INFO com.mongodb.diagnostics.logging.SLF4JLogger [cluster-ClusterId{value='64abf2b7f064ee32574401a5', description='null'}-localhost:27017] Monitor thread successfully connected to server with description ServerDescription{address=localhost:27017, type=STANDALONE, state=CONNECTED, ok=true, minWireVersion=0, maxWireVersion=17, maxDocumentSize=16777216, logicalSessionTimeoutMinutes=30, roundTripTimeNanos=24164820}
2023-07-10 14:59:52,048 INFO org.springframework.scheduling.concurrent.ExecutorConfigurationSupport [main] Initializing ExecutorService 'applicationTaskExecutor'
2023-07-10 14:59:52,246 INFO org.apache.juli.logging.DirectJDKLog [main] Starting ProtocolHandler ["http-nio-8666"]
2023-07-10 14:59:52,259 INFO org.springframework.boot.web.embedded.tomcat.TomcatWebServer [main] Tomcat started on port(s): 8666 (http) with context path ''
2023-07-10 14:59:52,269 INFO org.springframework.boot.StartupInfoLogger [main] Started ThymeleafSpringBootCrudApplication in 2.697 seconds (JVM running for 3.19)
2023-07-10 14:59:53,456 INFO org.springframework.scheduling.concurrent.ExecutorConfigurationSupport [SpringContextShutdownHook] Shutting down ExecutorService 'applicationTaskExecutor'
2023-07-10 15:11:21,593 INFO org.springframework.boot.StartupInfoLogger [restartedMain] Starting ThymeleafSpringBootCrudApplication using Java 20.0.1 on yokina-machine with PID 37530 (/home/yokina/yokina-gitlab/ThymeleafSprinBootCrud/target/classes started by yokina in /home/yokina/yokina-gitlab/ThymeleafSprinBootCrud)
2023-07-10 15:11:21,595 DEBUG org.springframework.boot.StartupInfoLogger [restartedMain] Running with Spring Boot v2.4.0, Spring v5.3.1
2023-07-10 15:11:21,595 INFO org.springframework.boot.SpringApplication [restartedMain] The following profiles are active: dev
2023-07-10 15:11:21,629 INFO org.springframework.boot.logging.DeferredLog [restartedMain] Devtools property defaults active! Set 'spring.devtools.add-properties' to 'false' to disable
2023-07-10 15:11:21,629 INFO org.springframework.boot.logging.DeferredLog [restartedMain] For additional web related logging consider setting the 'logging.level.web' property to 'DEBUG'
2023-07-10 15:11:21,959 INFO org.springframework.data.repository.config.RepositoryConfigurationDelegate [restartedMain] Bootstrapping Spring Data MongoDB repositories in DEFAULT mode.
2023-07-10 15:11:21,985 INFO org.springframework.data.repository.config.RepositoryConfigurationDelegate [restartedMain] Finished Spring Data repository scanning in 24 ms. Found 1 MongoDB repository interfaces.
2023-07-10 15:11:22,257 INFO org.springframework.boot.web.embedded.tomcat.TomcatWebServer [restartedMain] Tomcat initialized with port(s): 8666 (http)
2023-07-10 15:11:22,263 INFO org.apache.juli.logging.DirectJDKLog [restartedMain] Initializing ProtocolHandler ["http-nio-8666"]
2023-07-10 15:11:22,263 INFO org.apache.juli.logging.DirectJDKLog [restartedMain] Starting service [Tomcat]
2023-07-10 15:11:22,263 INFO org.apache.juli.logging.DirectJDKLog [restartedMain] Starting Servlet engine: [Apache Tomcat/9.0.39]
2023-07-10 15:11:22,293 INFO org.apache.juli.logging.DirectJDKLog [restartedMain] Initializing Spring embedded WebApplicationContext
2023-07-10 15:11:22,293 INFO org.springframework.boot.web.servlet.context.ServletWebServerApplicationContext [restartedMain] Root WebApplicationContext: initialization completed in 663 ms
2023-07-10 15:11:22,388 INFO com.mongodb.diagnostics.logging.SLF4JLogger [restartedMain] Cluster created with settings {hosts=[localhost:27017], mode=SINGLE, requiredClusterType=UNKNOWN, serverSelectionTimeout='30000 ms'}
2023-07-10 15:11:22,429 INFO com.mongodb.diagnostics.logging.SLF4JLogger [cluster-rtt-ClusterId{value='64abf56afdb43c1a7b93ac0f', description='null'}-localhost:27017] Opened connection [connectionId{localValue:1, serverValue:1}] to localhost:27017
2023-07-10 15:11:22,429 INFO com.mongodb.diagnostics.logging.SLF4JLogger [cluster-ClusterId{value='64abf56afdb43c1a7b93ac0f', description='null'}-localhost:27017] Opened connection [connectionId{localValue:2, serverValue:2}] to localhost:27017
2023-07-10 15:11:22,430 INFO com.mongodb.diagnostics.logging.SLF4JLogger [cluster-ClusterId{value='64abf56afdb43c1a7b93ac0f', description='null'}-localhost:27017] Monitor thread successfully connected to server with description ServerDescription{address=localhost:27017, type=STANDALONE, state=CONNECTED, ok=true, minWireVersion=0, maxWireVersion=17, maxDocumentSize=16777216, logicalSessionTimeoutMinutes=30, roundTripTimeNanos=13638185}
2023-07-10 15:11:22,505 INFO org.springframework.boot.devtools.autoconfigure.OptionalLiveReloadServer [restartedMain] LiveReload server is running on port 35729
2023-07-10 15:11:22,698 INFO org.springframework.scheduling.concurrent.ExecutorConfigurationSupport [restartedMain] Initializing ExecutorService 'applicationTaskExecutor'
2023-07-10 15:11:22,828 INFO org.apache.juli.logging.DirectJDKLog [restartedMain] Starting ProtocolHandler ["http-nio-8666"]
2023-07-10 15:11:22,834 WARN org.springframework.context.support.AbstractApplicationContext [restartedMain] Exception encountered during context initialization - cancelling refresh attempt: org.springframework.context.ApplicationContextException: Failed to start bean 'webServerStartStop'; nested exception is org.springframework.boot.web.server.PortInUseException: Port 8666 is already in use
2023-07-10 15:11:22,835 INFO org.springframework.scheduling.concurrent.ExecutorConfigurationSupport [restartedMain] Shutting down ExecutorService 'applicationTaskExecutor'
2023-07-10 15:11:22,838 INFO org.apache.juli.logging.DirectJDKLog [restartedMain] Pausing ProtocolHandler ["http-nio-8666"]
2023-07-10 15:11:22,838 INFO org.apache.juli.logging.DirectJDKLog [restartedMain] Stopping service [Tomcat]
2023-07-10 15:11:22,842 INFO org.apache.juli.logging.DirectJDKLog [restartedMain] Stopping ProtocolHandler ["http-nio-8666"]
2023-07-10 15:11:22,842 INFO org.apache.juli.logging.DirectJDKLog [restartedMain] Destroying ProtocolHandler ["http-nio-8666"]
2023-07-10 15:11:22,848 INFO org.springframework.boot.autoconfigure.logging.ConditionEvaluationReportLoggingListener [restartedMain] 

Error starting ApplicationContext. To display the conditions report re-run your application with 'debug' enabled.
2023-07-10 15:11:22,858 ERROR org.springframework.boot.diagnostics.LoggingFailureAnalysisReporter [restartedMain] 

***************************
APPLICATION FAILED TO START
***************************

Description:

Web server failed to start. Port 8666 was already in use.

Action:

Identify and stop the process that's listening on port 8666 or configure this application to listen on another port.

2023-07-10 15:11:40,234 INFO org.springframework.boot.StartupInfoLogger [restartedMain] Starting ThymeleafSpringBootCrudApplication using Java 20.0.1 on yokina-machine with PID 37693 (/home/yokina/yokina-gitlab/ThymeleafSprinBootCrud/target/classes started by yokina in /home/yokina/yokina-gitlab/ThymeleafSprinBootCrud)
2023-07-10 15:11:40,235 DEBUG org.springframework.boot.StartupInfoLogger [restartedMain] Running with Spring Boot v2.4.0, Spring v5.3.1
2023-07-10 15:11:40,236 INFO org.springframework.boot.SpringApplication [restartedMain] The following profiles are active: dev
2023-07-10 15:11:40,274 INFO org.springframework.boot.logging.DeferredLog [restartedMain] Devtools property defaults active! Set 'spring.devtools.add-properties' to 'false' to disable
2023-07-10 15:11:40,275 INFO org.springframework.boot.logging.DeferredLog [restartedMain] For additional web related logging consider setting the 'logging.level.web' property to 'DEBUG'
2023-07-10 15:11:40,618 INFO org.springframework.data.repository.config.RepositoryConfigurationDelegate [restartedMain] Bootstrapping Spring Data MongoDB repositories in DEFAULT mode.
2023-07-10 15:11:40,646 INFO org.springframework.data.repository.config.RepositoryConfigurationDelegate [restartedMain] Finished Spring Data repository scanning in 25 ms. Found 1 MongoDB repository interfaces.
2023-07-10 15:11:40,923 INFO org.springframework.boot.web.embedded.tomcat.TomcatWebServer [restartedMain] Tomcat initialized with port(s): 8666 (http)
2023-07-10 15:11:40,928 INFO org.apache.juli.logging.DirectJDKLog [restartedMain] Initializing ProtocolHandler ["http-nio-8666"]
2023-07-10 15:11:40,929 INFO org.apache.juli.logging.DirectJDKLog [restartedMain] Starting service [Tomcat]
2023-07-10 15:11:40,929 INFO org.apache.juli.logging.DirectJDKLog [restartedMain] Starting Servlet engine: [Apache Tomcat/9.0.39]
2023-07-10 15:11:40,958 INFO org.apache.juli.logging.DirectJDKLog [restartedMain] Initializing Spring embedded WebApplicationContext
2023-07-10 15:11:40,958 INFO org.springframework.boot.web.servlet.context.ServletWebServerApplicationContext [restartedMain] Root WebApplicationContext: initialization completed in 683 ms
2023-07-10 15:11:41,041 INFO com.mongodb.diagnostics.logging.SLF4JLogger [restartedMain] Cluster created with settings {hosts=[localhost:27017], mode=SINGLE, requiredClusterType=UNKNOWN, serverSelectionTimeout='30000 ms'}
2023-07-10 15:11:41,091 INFO com.mongodb.diagnostics.logging.SLF4JLogger [cluster-rtt-ClusterId{value='64abf57d4a1fcd7d0d865193', description='null'}-localhost:27017] Opened connection [connectionId{localValue:1, serverValue:4}] to localhost:27017
2023-07-10 15:11:41,091 INFO com.mongodb.diagnostics.logging.SLF4JLogger [cluster-ClusterId{value='64abf57d4a1fcd7d0d865193', description='null'}-localhost:27017] Opened connection [connectionId{localValue:2, serverValue:3}] to localhost:27017
2023-07-10 15:11:41,091 INFO com.mongodb.diagnostics.logging.SLF4JLogger [cluster-ClusterId{value='64abf57d4a1fcd7d0d865193', description='null'}-localhost:27017] Monitor thread successfully connected to server with description ServerDescription{address=localhost:27017, type=STANDALONE, state=CONNECTED, ok=true, minWireVersion=0, maxWireVersion=17, maxDocumentSize=16777216, logicalSessionTimeoutMinutes=30, roundTripTimeNanos=21804533}
2023-07-10 15:11:41,152 INFO org.springframework.boot.devtools.autoconfigure.OptionalLiveReloadServer [restartedMain] LiveReload server is running on port 35729
2023-07-10 15:11:41,350 INFO org.springframework.scheduling.concurrent.ExecutorConfigurationSupport [restartedMain] Initializing ExecutorService 'applicationTaskExecutor'
2023-07-10 15:11:41,469 INFO org.apache.juli.logging.DirectJDKLog [restartedMain] Starting ProtocolHandler ["http-nio-8666"]
2023-07-10 15:11:41,478 INFO org.springframework.boot.web.embedded.tomcat.TomcatWebServer [restartedMain] Tomcat started on port(s): 8666 (http) with context path ''
2023-07-10 15:11:41,487 INFO org.springframework.boot.StartupInfoLogger [restartedMain] Started ThymeleafSpringBootCrudApplication in 1.562 seconds (JVM running for 2.032)
